{"contracts/lottery.sol":{"l":{"13":0,"14":0,"18":15,"19":15,"25":0,"26":0,"30":0,"31":0,"32":0,"33":0,"34":0,"35":0},"path":"/home/xanthus/Рабочий стол/myLottery.vsmelov.2021-09-26/myLottery/contracts/lottery.sol","s":{"1":0,"2":15,"3":15,"4":1,"5":0,"6":0,"7":0,"8":0,"9":0,"10":0,"11":0,"12":0},"b":{"1":[0,0],"2":[0,0],"3":[0,0]},"f":{"1":0,"2":15,"3":1,"4":0,"5":0},"fnMap":{"1":{"name":"managerOnly","line":12,"loc":{"start":{"line":12,"column":0},"end":{"line":15,"column":0}}},"2":{"name":"constructor","line":17,"loc":{"start":{"line":17,"column":0},"end":{"line":20,"column":1}}},"3":{"name":"f","line":22,"loc":{"start":{"line":22,"column":4},"end":{"line":22,"column":59}}},"4":{"name":"buyLotteryTicket","line":24,"loc":{"start":{"line":24,"column":0},"end":{"line":27,"column":1}}},"5":{"name":"finishLottery","line":29,"loc":{"start":{"line":29,"column":0},"end":{"line":36,"column":2}}}},"statementMap":{"1":{"start":{"line":13,"column":4},"end":{"line":13,"column":33}},"2":{"start":{"line":18,"column":4},"end":{"line":18,"column":23}},"3":{"start":{"line":19,"column":4},"end":{"line":19,"column":28}},"4":{"start":{"line":22,"column":49},"end":{"line":22,"column":58}},"5":{"start":{"line":25,"column":4},"end":{"line":25,"column":31}},"6":{"start":{"line":26,"column":4},"end":{"line":26,"column":34}},"7":{"start":{"line":30,"column":4},"end":{"line":30,"column":39}},"8":{"start":{"line":31,"column":4},"end":{"line":31,"column":102}},"9":{"start":{"line":32,"column":4},"end":{"line":32,"column":46}},"10":{"start":{"line":33,"column":4},"end":{"line":33,"column":53}},"11":{"start":{"line":34,"column":4},"end":{"line":34,"column":59}},"12":{"start":{"line":35,"column":4},"end":{"line":35,"column":36}}},"branchMap":{"1":{"line":13,"type":"if","locations":[{"start":{"line":13,"column":4},"end":{"line":13,"column":4}},{"start":{"line":13,"column":4},"end":{"line":13,"column":4}}]},"2":{"line":25,"type":"if","locations":[{"start":{"line":25,"column":4},"end":{"line":25,"column":4}},{"start":{"line":25,"column":4},"end":{"line":25,"column":4}}]},"3":{"line":30,"type":"if","locations":[{"start":{"line":30,"column":4},"end":{"line":30,"column":4}},{"start":{"line":30,"column":4},"end":{"line":30,"column":4}}]}}}}