{
"contracts/lottery.sol":{"l":{"14":1,"15":1,"19":12,"20":12,"26":2,"27":2,"31":1,"32":1,"33":1,"34":1,"35":1,"36":1,"40":5},"path":"/home/xanthus/Рабочий стол/myLottery-main/myLottery-main/contracts/lottery.sol","s":{"1":1,"2":12,"3":12,"4":1,"5":2,"6":2,"7":1,"8":1,"9":1,"10":1,"11":1,"12":1,"13":5},"b":{"1":[1,0],"2":[2,0],"3":[1,0]},"f":{"1":1,"2":12,"3":1,"4":2,"5":1,"6":5},"fnMap":{"1":{"name":"managerOnly","line":13,"loc":{"start":{"line":13,"column":4},"end":{"line":16,"column":4}}},"2":{"name":"constructor","line":18,"loc":{"start":{"line":18,"column":4},"end":{"line":21,"column":4}}},"3":{"name":"f","line":23,"loc":{"start":{"line":23,"column":4},"end":{"line":23,"column":59}}},"4":{"name":"buyLotteryTicket","line":25,"loc":{"start":{"line":25,"column":4},"end":{"line":28,"column":5}}},"5":{"name":"finishLottery","line":30,"loc":{"start":{"line":30,"column":4},"end":{"line":37,"column":4}}},"6":{"name":"showPLayers","line":39,"loc":{"start":{"line":39,"column":4},"end":{"line":41,"column":4}}}},"statementMap":{"1":{"start":{"line":14,"column":8},"end":{"line":14,"column":37}},"2":{"start":{"line":19,"column":8},"end":{"line":19,"column":27}},"3":{"start":{"line":20,"column":8},"end":{"line":20,"column":32}},"4":{"start":{"line":23,"column":49},"end":{"line":23,"column":58}},"5":{"start":{"line":26,"column":8},"end":{"line":26,"column":49}},"6":{"start":{"line":27,"column":8},"end":{"line":27,"column":38}},"7":{"start":{"line":31,"column":8},"end":{"line":31,"column":43}},"8":{"start":{"line":32,"column":8},"end":{"line":32,"column":106}},"9":{"start":{"line":33,"column":8},"end":{"line":33,"column":50}},"10":{"start":{"line":34,"column":8},"end":{"line":34,"column":57}},"11":{"start":{"line":35,"column":8},"end":{"line":35,"column":63}},"12":{"start":{"line":36,"column":8},"end":{"line":36,"column":40}},"13":{"start":{"line":40,"column":8},"end":{"line":40,"column":29}}},"branchMap":{"1":{"line":14,"type":"if","locations":[{"start":{"line":14,"column":8},"end":{"line":14,"column":8}},{"start":{"line":14,"column":8},"end":{"line":14,"column":8}}]},"2":{"line":26,"type":"if","locations":[{"start":{"line":26,"column":8},"end":{"line":26,"column":8}},{"start":{"line":26,"column":8},"end":{"line":26,"column":8}}]},"3":{"line":31,"type":"if","locations":[{"start":{"line":31,"column":8},"end":{"line":31,"column":8}},{"start":{"line":31,"column":8},"end":{"line":31,"column":8}}]}}}}
