TN:
SF:/home/xanthus/Рабочий стол/myLottery-main/myLottery-main/contracts/lottery.sol
FN:13,managerOnly
FN:18,constructor
FN:23,f
FN:25,buyLotteryTicket
FN:30,finishLottery
FN:39,showPLayers
FNF:6
FNH:6
FNDA:1,managerOnly
FNDA:12,constructor
FNDA:1,f
FNDA:2,buyLotteryTicket
FNDA:1,finishLottery
FNDA:5,showPLayers
DA:14,1
DA:15,1
DA:19,12
DA:20,12
DA:26,2
DA:27,2
DA:31,1
DA:32,1
DA:33,1
DA:34,1
DA:35,1
DA:36,1
DA:40,5
LF:13
LH:13
BRDA:14,1,0,1
BRDA:14,1,1,0
BRDA:26,2,0,2
BRDA:26,2,1,0
BRDA:31,3,0,1
BRDA:31,3,1,0
BRF:6
BRH:3
end_of_record
