TN:
SF:/home/xanthus/Рабочий стол/myLottery.vsmelov.2021-09-26/myLottery/contracts/lottery.sol
FN:12,managerOnly
FN:17,constructor
FN:22,f
FN:24,buyLotteryTicket
FN:29,finishLottery
FNF:5
FNH:2
FNDA:0,managerOnly
FNDA:15,constructor
FNDA:1,f
FNDA:0,buyLotteryTicket
FNDA:0,finishLottery
DA:13,0
DA:14,0
DA:18,15
DA:19,15
DA:25,0
DA:26,0
DA:30,0
DA:31,0
DA:32,0
DA:33,0
DA:34,0
DA:35,0
LF:12
LH:2
BRDA:13,1,0,0
BRDA:13,1,1,0
BRDA:25,2,0,0
BRDA:25,2,1,0
BRDA:30,3,0,0
BRDA:30,3,1,0
BRF:6
BRH:0
end_of_record
